Performing C++ SOURCE FILE Test CMAKE_HAVE_LIBC_PTHREAD failed with the following output:
Change Dir: E:/Github/TinyRenderPlus/out/build/x64-Release/CMakeFiles/CMakeTmp

Run Build Command(s):F:/E/Program Files (x86)/Visual Studio 2022/Common7/IDE/CommonExtensions/Microsoft/CMake/Ninja/ninja.exe cmTC_7fb5b && [1/2] Building CXX object CMakeFiles\cmTC_7fb5b.dir\src.cxx.obj
FAILED: CMakeFiles/cmTC_7fb5b.dir/src.cxx.obj 
"F:\E\Program Files (x86)\Visual Studio 2022\VC\Tools\MSVC\14.34.31933\bin\Hostx64\x64\cl.exe"  /nologo /TP -DCMAKE_HAVE_LIBC_PTHREAD  -O2  /Zi /Ob0 /Od /RTC1 -MDd -std:c++latest /showIncludes /FoCMakeFiles\cmTC_7fb5b.dir\src.cxx.obj /FdCMakeFiles\cmTC_7fb5b.dir\ /FS -c E:\Github\TinyRenderPlus\out\build\x64-Release\CMakeFiles\CMakeTmp\src.cxx
cl: 命令行 warning D9025 :正在重写“/O2”(用“/Od”)
E:\Github\TinyRenderPlus\out\build\x64-Release\CMakeFiles\CMakeTmp\src.cxx(1): fatal error C1083: 无法打开包括文件: “pthread.h”: No such file or directory
ninja: build stopped: subcommand failed.


Source file was:
#include <pthread.h>

static void* test_func(void* data)
{
  return data;
}

int main(void)
{
  pthread_t thread;
  pthread_create(&thread, NULL, test_func, NULL);
  pthread_detach(thread);
  pthread_cancel(thread);
  pthread_join(thread, NULL);
  pthread_atfork(NULL, NULL, NULL);
  pthread_exit(NULL);

  return 0;
}

Determining if the function pthread_create exists in the pthreads failed with the following output:
Change Dir: E:/Github/TinyRenderPlus/out/build/x64-Release/CMakeFiles/CMakeTmp

Run Build Command(s):F:/E/Program Files (x86)/Visual Studio 2022/Common7/IDE/CommonExtensions/Microsoft/CMake/Ninja/ninja.exe cmTC_501d1 && [1/2] Building CXX object CMakeFiles\cmTC_501d1.dir\CheckFunctionExists.cxx.obj
cl: 命令行 warning D9025 :正在重写“/O2”(用“/Od”)
[2/2] Linking CXX executable cmTC_501d1.exe
FAILED: cmTC_501d1.exe 
cmd.exe /C "cd . && "F:\E\Program Files (x86)\Visual Studio 2022\Common7\IDE\CommonExtensions\Microsoft\CMake\CMake\bin\cmake.exe" -E vs_link_exe --intdir=CMakeFiles\cmTC_501d1.dir --rc=C:\PROGRA~2\WI3CF2~1\10\bin\100226~1.0\x64\rc.exe --mt=C:\PROGRA~2\WI3CF2~1\10\bin\100226~1.0\x64\mt.exe --manifests  -- "F:\E\Program Files (x86)\Visual Studio 2022\VC\Tools\MSVC\14.34.31933\bin\Hostx64\x64\link.exe" /nologo CMakeFiles\cmTC_501d1.dir\CheckFunctionExists.cxx.obj  /out:cmTC_501d1.exe /implib:cmTC_501d1.lib /pdb:cmTC_501d1.pdb /version:0.0 /machine:x64  /debug /INCREMENTAL /subsystem:console  pthreads.lib  kernel32.lib user32.lib gdi32.lib winspool.lib shell32.lib ole32.lib oleaut32.lib uuid.lib comdlg32.lib advapi32.lib && cmd.exe /C "cd /D E:\Github\TinyRenderPlus\out\build\x64-Release\CMakeFiles\CMakeTmp && C:\Windows\System32\WindowsPowerShell\v1.0\powershell.exe -noprofile -executionpolicy Bypass -file F:/E/Tools/CppLibs/temp/vcpkg/scripts/buildsystems/msbuild/applocal.ps1 -targetBinary E:/Github/TinyRenderPlus/out/build/x64-Release/CMakeFiles/CMakeTmp/cmTC_501d1.exe -installedDir F:/E/Tools/CppLibs/temp/vcpkg/installed/x64-windows/debug/bin -OutVariable out""
LINK Pass 1: command "F:\E\Program Files (x86)\Visual Studio 2022\VC\Tools\MSVC\14.34.31933\bin\Hostx64\x64\link.exe /nologo CMakeFiles\cmTC_501d1.dir\CheckFunctionExists.cxx.obj /out:cmTC_501d1.exe /implib:cmTC_501d1.lib /pdb:cmTC_501d1.pdb /version:0.0 /machine:x64 /debug /INCREMENTAL /subsystem:console pthreads.lib kernel32.lib user32.lib gdi32.lib winspool.lib shell32.lib ole32.lib oleaut32.lib uuid.lib comdlg32.lib advapi32.lib /MANIFEST /MANIFESTFILE:CMakeFiles\cmTC_501d1.dir/intermediate.manifest CMakeFiles\cmTC_501d1.dir/manifest.res" failed (exit code 1104) with the following output:
LINK : fatal error LNK1104: 无法打开文件“pthreads.lib”
ninja: build stopped: subcommand failed.



Determining if the function pthread_create exists in the pthread failed with the following output:
Change Dir: E:/Github/TinyRenderPlus/out/build/x64-Release/CMakeFiles/CMakeTmp

Run Build Command(s):F:/E/Program Files (x86)/Visual Studio 2022/Common7/IDE/CommonExtensions/Microsoft/CMake/Ninja/ninja.exe cmTC_be993 && [1/2] Building CXX object CMakeFiles\cmTC_be993.dir\CheckFunctionExists.cxx.obj
cl: 命令行 warning D9025 :正在重写“/O2”(用“/Od”)
[2/2] Linking CXX executable cmTC_be993.exe
FAILED: cmTC_be993.exe 
cmd.exe /C "cd . && "F:\E\Program Files (x86)\Visual Studio 2022\Common7\IDE\CommonExtensions\Microsoft\CMake\CMake\bin\cmake.exe" -E vs_link_exe --intdir=CMakeFiles\cmTC_be993.dir --rc=C:\PROGRA~2\WI3CF2~1\10\bin\100226~1.0\x64\rc.exe --mt=C:\PROGRA~2\WI3CF2~1\10\bin\100226~1.0\x64\mt.exe --manifests  -- "F:\E\Program Files (x86)\Visual Studio 2022\VC\Tools\MSVC\14.34.31933\bin\Hostx64\x64\link.exe" /nologo CMakeFiles\cmTC_be993.dir\CheckFunctionExists.cxx.obj  /out:cmTC_be993.exe /implib:cmTC_be993.lib /pdb:cmTC_be993.pdb /version:0.0 /machine:x64  /debug /INCREMENTAL /subsystem:console  pthread.lib  kernel32.lib user32.lib gdi32.lib winspool.lib shell32.lib ole32.lib oleaut32.lib uuid.lib comdlg32.lib advapi32.lib && cmd.exe /C "cd /D E:\Github\TinyRenderPlus\out\build\x64-Release\CMakeFiles\CMakeTmp && C:\Windows\System32\WindowsPowerShell\v1.0\powershell.exe -noprofile -executionpolicy Bypass -file F:/E/Tools/CppLibs/temp/vcpkg/scripts/buildsystems/msbuild/applocal.ps1 -targetBinary E:/Github/TinyRenderPlus/out/build/x64-Release/CMakeFiles/CMakeTmp/cmTC_be993.exe -installedDir F:/E/Tools/CppLibs/temp/vcpkg/installed/x64-windows/debug/bin -OutVariable out""
LINK Pass 1: command "F:\E\Program Files (x86)\Visual Studio 2022\VC\Tools\MSVC\14.34.31933\bin\Hostx64\x64\link.exe /nologo CMakeFiles\cmTC_be993.dir\CheckFunctionExists.cxx.obj /out:cmTC_be993.exe /implib:cmTC_be993.lib /pdb:cmTC_be993.pdb /version:0.0 /machine:x64 /debug /INCREMENTAL /subsystem:console pthread.lib kernel32.lib user32.lib gdi32.lib winspool.lib shell32.lib ole32.lib oleaut32.lib uuid.lib comdlg32.lib advapi32.lib /MANIFEST /MANIFESTFILE:CMakeFiles\cmTC_be993.dir/intermediate.manifest CMakeFiles\cmTC_be993.dir/manifest.res" failed (exit code 1104) with the following output:
LINK : fatal error LNK1104: 无法打开文件“pthread.lib”
ninja: build stopped: subcommand failed.



